SF:lib\features\questions_page\model\answer\answer.dart
DA:13,0
DA:15,0
LF:2
LH:0
end_of_record
SF:lib\features\questions_page\model\answer\answer.g.dart
DA:9,0
DA:10,0
DA:11,0
DA:14,0
DA:15,0
DA:16,0
LF:6
LH:0
end_of_record
SF:lib\features\questions_page\model\question\question.dart
DA:9,1
DA:19,2
DA:21,0
DA:24,0
DA:28,0
DA:29,0
LF:6
LH:2
end_of_record
SF:lib\features\questions_page\model\question\question.g.dart
DA:9,2
DA:10,1
DA:11,1
DA:12,1
DA:13,1
DA:14,1
DA:15,1
DA:16,1
DA:18,0
DA:21,1
DA:22,1
DA:23,1
DA:24,1
DA:25,1
DA:26,1
DA:27,1
LF:16
LH:15
end_of_record
SF:lib\features\questions_page\model\question_page\question_page.dart
DA:12,1
DA:13,1
DA:15,2
DA:16,1
LF:4
LH:4
end_of_record
SF:lib\features\questions_page\model\question_page\question_page.g.dart
DA:9,1
DA:10,1
DA:11,1
DA:12,3
DA:13,1
DA:16,1
DA:17,1
DA:18,1
LF:8
LH:8
end_of_record
